#
# A fatal error has been detected by the Java Runtime Environment:
#
#  EXCEPTION_ACCESS_VIOLATION (0xc0000005) at pc=0x00007ffb358253a9, pid=10144, tid=9592
#
# JRE version: Java(TM) SE Runtime Environment (13.0.2+8) (build 13.0.2+8)
# Java VM: Java HotSpot(TM) 64-Bit Server VM (13.0.2+8, mixed mode, sharing, tiered, compressed oops, g1 gc, windows-amd64)
# Problematic frame:
# V  [jvm.dll+0x2453a9]
#
# No core dump will be written. Minidumps are not enabled by default on client versions of Windows
#
# If you would like to submit a bug report, please visit:
#   http://bugreport.java.com/bugreport/crash.jsp
#

---------------  S U M M A R Y ------------

Command Line: -agentlib:jdwp=transport=dt_socket,suspend=y,address=localhost:53431 -ea -Dproperty=null -Dproperty=null -Dproperty=null -Dfile.encoding=Cp1252 org.testng.remote.RemoteTestNG -serport 53425 -protocol json -d F:\software1\JAVA&SELENIUM_PROGRAM\practice\test-output C:\Users\Home-SM\AppData\Local\Temp\testng-eclipse-754966311\testng-customsuite.xml

Host: Intel(R) Core(TM) i3-4005U CPU @ 1.70GHz, 4 cores, 3G,  Windows 10 , 64 bit Build 18362 (10.0.18362.329)
Time: Sun Apr 12 19:40:31 2020 India Standard Time elapsed time: 324 seconds (0d 0h 5m 24s)

---------------  T H R E A D  ---------------

Current thread (0x000001b9628e1800):  JavaThread "JDWP Transport Listener: dt_socket" daemon [_thread_in_vm, id=9592, stack(0x000000030e000000,0x000000030e100000)] _threads_hazard_ptr=0x000001b963b3b670

Stack: [0x000000030e000000,0x000000030e100000],  sp=0x000000030e0fe608,  free space=1017k
Native frames: (J=compiled Java code, j=interpreted, Vv=VM code, C=native code)
V  [jvm.dll+0x2453a9]


siginfo: EXCEPTION_ACCESS_VIOLATION (0xc0000005), reading address 0x000001b9654086a8


Register to memory mapping:

RIP=0x00007ffb358253a9 jvm.dll
RAX=0x0000000000194160 is an unknown value
RBX=0x000001b965273af8 is pointing into metadata
RCX=0x000001b965274548 is pointing into metadata
RDX=0x000000000000ca0a is an unknown value
RSP=0x000000030e0fe608 is pointing into the stack for thread: 0x000001b9628e1800
RBP=0x000000030e0febb0 is pointing into the stack for thread: 0x000001b9628e1800
RSI=0x000000030e0fed20 is pointing into the stack for thread: 0x000001b9628e1800
RDI=0x000000030e0fed20 is pointing into the stack for thread: 0x000001b9628e1800
R8 =0x0 is NULL
R9 =0x000001b965273af8 is pointing into metadata
R10=0x0 is NULL
R11=0x0000000047000000 is an unknown value
R12=0x000001b9639521e0 points into unknown readable memory: 00 15 ea 61 00 00 00 00
R13=0x0 is NULL
R14=0x000001b965273732 is pointing into metadata
R15=0x0000000000000089 is an unknown value


Registers:
RAX=0x0000000000194160, RBX=0x000001b965273af8, RCX=0x000001b965274548, RDX=0x000000000000ca0a
RSP=0x000000030e0fe608, RBP=0x000000030e0febb0, RSI=0x000000030e0fed20, RDI=0x000000030e0fed20
R8 =0x0000000000000000, R9 =0x000001b965273af8, R10=0x0000000000000000, R11=0x0000000047000000
R12=0x000001b9639521e0, R13=0x0000000000000000, R14=0x000001b965273732, R15=0x0000000000000089
RIP=0x00007ffb358253a9, EFLAGS=0x0000000000010206

Top of Stack: (sp=0x000000030e0fe608)
0x000000030e0fe608:   00007ffb3582542e 000000030e0fe670
0x000000030e0fe618:   000001b965272168 000001b9628d0870
0x000000030e0fe628:   00007ffb357ac8f6 0000000000000000
0x000000030e0fe638:   00007ffb3590fd40 0000000000000000
0x000000030e0fe648:   000000030e0fed20 000001b9636d1c40
0x000000030e0fe658:   000001b900000000 0000000000000000
0x000000030e0fe668:   000001b900000000 00007ffb35e5ffa0
0x000000030e0fe678:   000000080040e0f8 0000000000000002
0x000000030e0fe688:   000001b90000000c 000000030e0fe6b0
0x000000030e0fe698:   00007ffb00000001 000000004600003f
0x000000030e0fe6a8:   00007ffb35bda833 2fffffff4fffffff
0x000000030e0fe6b8:   000000004fffffff 0000000000000018
0x000000030e0fe6c8:   0000000000000000 000001b9652721c0
0x000000030e0fe6d8:   00007ffb35bda833 000001b961e7c750
0x000000030e0fe6e8:   000000030e0fe7a9 000001b961e7c750
0x000000030e0fe6f8:   00007ffb35c8815b 000001b9652736b8 

Instructions: (pc=0x00007ffb358253a9)
0x00007ffb358252a9:   03 03 03 03 03 03 03 03 03 03 03 03 03 03 03 03
0x00007ffb358252b9:   03 03 03 03 03 03 03 03 03 03 03 03 03 03 03 03
0x00007ffb358252c9:   03 03 03 03 03 03 03 03 03 03 03 03 03 03 03 03
0x00007ffb358252d9:   03 03 03 03 03 03 03 03 03 03 03 03 03 03 03 03
0x00007ffb358252e9:   03 03 02 03 03 02 cc 48 89 5c 24 08 48 89 74 24
0x00007ffb358252f9:   10 57 48 83 ec 20 48 63 da 41 0f b6 f0 48 8b f9
0x00007ffb35825309:   85 d2 79 24 4c 8d 0d 24 43 62 00 ba 97 02 00 00
0x00007ffb35825319:   4c 8d 05 50 43 62 00 48 8d 0d b9 42 62 00 e8 04
0x00007ffb35825329:   6b 00 00 e8 bf f7 3d 00 40 84 f6 75 18 48 8b 4f
0x00007ffb35825339:   10 48 85 c9 74 0f 48 8d 43 01 48 c1 e0 05 48 8b
0x00007ffb35825349:   04 08 0f b7 d8 48 8b 74 24 38 48 63 c3 48 8b 5c
0x00007ffb35825359:   24 30 0f b7 44 c7 40 48 83 c4 20 5f c3 cc cc cc
0x00007ffb35825369:   cc cc cc cc cc cc cc 4c 8b c9 45 84 c0 75 42 48
0x00007ffb35825379:   8b 49 10 48 85 c9 74 39 85 d2 79 1a f7 d2 48 63
0x00007ffb35825389:   c2 48 ff c0 48 c1 e0 05 48 8b 04 08 0f b7 c8 41
0x00007ffb35825399:   0f b7 44 c9 42 c3 48 63 c2 48 ff c0 48 c1 e0 05
0x00007ffb358253a9:   48 8b 04 08 0f b7 d0 48 63 c2 41 0f b7 44 c1 42
0x00007ffb358253b9:   c3 49 8b 41 08 4c 63 c2 42 0f b6 44 00 04 8d 48
0x00007ffb358253c9:   ef 80 f9 01 76 0e 3c 6a 74 0a 48 63 c2 41 0f b7
0x00007ffb358253d9:   44 c1 42 c3 43 0f b7 44 c1 42 c3 cc cc cc cc cc
0x00007ffb358253e9:   cc cc cc cc cc cc cc 40 53 48 83 ec 20 48 8b d9
0x00007ffb358253f9:   e8 72 ff ff ff 48 63 d0 0f b7 44 d3 40 48 8b 44
0x00007ffb35825409:   c3 40 48 83 c4 20 5b c3 cc cc cc cc cc cc cc cc
0x00007ffb35825419:   cc cc cc cc cc cc cc 40 53 48 83 ec 20 48 8b d9
0x00007ffb35825429:   e8 42 ff ff ff 48 63 d0 0f b7 44 d3 42 48 8b 44
0x00007ffb35825439:   c3 40 48 83 c4 20 5b c3 cc cc cc cc cc cc cc cc
0x00007ffb35825449:   cc cc cc cc cc cc cc 4c 8b d1 45 84 c9 75 23 4c
0x00007ffb35825459:   8b 49 10 4d 85 c9 74 1a 45 85 c0 79 03 41 f7 d0
0x00007ffb35825469:   49 63 c0 48 ff c0 48 c1 e0 05 4a 8b 04 08 44 0f
0x00007ffb35825479:   b7 c0 49 8b 42 08 49 63 c8 0f b6 4c 08 04 48 8b
0x00007ffb35825489:   c2 88 0a c3 cc cc cc 40 56 57 41 54 41 56 41 57
0x00007ffb35825499:   48 83 ec 20 45 8b 30 49 8b f0 49 63 f9 4c 8b e2 


Stack slot to memory mapping:
stack at sp + 0 slots: 0x00007ffb3582542e jvm.dll
stack at sp + 1 slots: 0x000000030e0fe670 is pointing into the stack for thread: 0x000001b9628e1800
stack at sp + 2 slots: {method} {0x000001b965272170} '$SWITCH_TABLE$org$apache$poi$ss$usermodel$CellType' '()[I' in 'helper/excel/ExcelHelper'
stack at sp + 3 slots: 0x000001b9628d0870 points into unknown readable memory: 02 00 00 00 00 00 00 00
stack at sp + 4 slots: 0x00007ffb357ac8f6 jvm.dll
stack at sp + 5 slots: 0x0 is NULL
stack at sp + 6 slots: 0x00007ffb3590fd40 jvm.dll
stack at sp + 7 slots: 0x0 is NULL


---------------  P R O C E S S  ---------------

Threads class SMR info:
_java_thread_list=0x000001b963b3b670, length=20, elements={
0x000001b945f8a000, 0x000001b961e67000, 0x000001b961e6c000, 0x000001b961e88000,
0x000001b961e8a000, 0x000001b961e8f800, 0x000001b961e96800, 0x000001b961e9f800,
0x000001b9628e1800, 0x000001b9628e5800, 0x000001b9628e6800, 0x000001b9628fa800,
0x000001b96290a000, 0x000001b963318800, 0x000001b963349800, 0x000001b963152000,
0x000001b9636a4800, 0x000001b96309b000, 0x000001b96344f800, 0x000001b96289c800
}

Java Threads: ( => current thread )
  0x000001b945f8a000 JavaThread "main" [_thread_blocked, id=9264, stack(0x000000030d200000,0x000000030d300000)]
  0x000001b961e67000 JavaThread "Reference Handler" daemon [_thread_blocked, id=9256, stack(0x000000030d900000,0x000000030da00000)]
  0x000001b961e6c000 JavaThread "Finalizer" daemon [_thread_blocked, id=1284, stack(0x000000030da00000,0x000000030db00000)]
  0x000001b961e88000 JavaThread "Signal Dispatcher" daemon [_thread_blocked, id=4120, stack(0x000000030db00000,0x000000030dc00000)]
  0x000001b961e8a000 JavaThread "Attach Listener" daemon [_thread_blocked, id=5840, stack(0x000000030dc00000,0x000000030dd00000)]
  0x000001b961e8f800 JavaThread "C2 CompilerThread0" daemon [_thread_blocked, id=10476, stack(0x000000030dd00000,0x000000030de00000)]
  0x000001b961e96800 JavaThread "C1 CompilerThread0" daemon [_thread_blocked, id=9868, stack(0x000000030de00000,0x000000030df00000)]
  0x000001b961e9f800 JavaThread "Sweeper thread" daemon [_thread_blocked, id=12188, stack(0x000000030df00000,0x000000030e000000)]
=>0x000001b9628e1800 JavaThread "JDWP Transport Listener: dt_socket" daemon [_thread_in_vm, id=9592, stack(0x000000030e000000,0x000000030e100000)]
  0x000001b9628e5800 JavaThread "JDWP Event Helper Thread" daemon [_thread_blocked, id=7152, stack(0x000000030e100000,0x000000030e200000)]
  0x000001b9628e6800 JavaThread "JDWP Command Reader" daemon [_thread_in_native, id=9092, stack(0x000000030e200000,0x000000030e300000)]
  0x000001b9628fa800 JavaThread "Service Thread" daemon [_thread_blocked, id=9268, stack(0x000000030e300000,0x000000030e400000)]
  0x000001b96290a000 JavaThread "Common-Cleaner" daemon [_thread_blocked, id=7484, stack(0x000000030e500000,0x000000030e600000)]
  0x000001b963318800 JavaThread "ReaderThread" [_thread_in_native, id=11044, stack(0x000000030e800000,0x000000030e900000)]
  0x000001b963349800 JavaThread "Exec Default Executor" daemon [_thread_in_native, id=2344, stack(0x000000030eb00000,0x000000030ec00000)]
  0x000001b963152000 JavaThread "Exec Stream Pumper" daemon [_thread_in_native, id=11612, stack(0x000000030ed00000,0x000000030ee00000)]
  0x000001b9636a4800 JavaThread "Exec Stream Pumper" daemon [_thread_in_native, id=6544, stack(0x000000030ee00000,0x000000030ef00000)]
  0x000001b96309b000 JavaThread "ForkJoinPool.commonPool-worker-5" daemon [_thread_blocked, id=896, stack(0x000000030f100000,0x000000030f200000)]
  0x000001b96344f800 JavaThread "OkHttp ConnectionPool" daemon [_thread_blocked, id=11064, stack(0x000000030f400000,0x000000030f500000)]
  0x000001b96289c800 JavaThread "Okio Watchdog" daemon [_thread_blocked, id=3068, stack(0x000000030f500000,0x000000030f600000)]

Other Threads:
  0x000001b961e61000 VMThread "VM Thread" [stack: 0x000000030d800000,0x000000030d900000] [id=12120]
  0x000001b962900000 WatcherThread [stack: 0x000000030e400000,0x000000030e500000] [id=5680]
  0x000001b945fbb000 GCTaskThread "GC Thread#0" [stack: 0x000000030d300000,0x000000030d400000] [id=5992]
  0x000001b96370e000 GCTaskThread "GC Thread#1" [stack: 0x000000030e600000,0x000000030e700000] [id=10364]
  0x000001b96370f000 GCTaskThread "GC Thread#2" [stack: 0x000000030e900000,0x000000030ea00000] [id=9588]
  0x000001b9636b2800 GCTaskThread "GC Thread#3" [stack: 0x000000030ea00000,0x000000030eb00000] [id=9240]
  0x000001b945fc4800 ConcurrentGCThread "G1 Main Marker" [stack: 0x000000030d400000,0x000000030d500000] [id=9928]
  0x000001b945fc8000 ConcurrentGCThread "G1 Conc#0" [stack: 0x000000030d500000,0x000000030d600000] [id=3500]
  0x000001b94601f000 ConcurrentGCThread "G1 Refine#0" [stack: 0x000000030d600000,0x000000030d700000] [id=4752]
  0x000001b946020800 ConcurrentGCThread "G1 Young RemSet Sampling" [stack: 0x000000030d700000,0x000000030d800000] [id=10888]

Threads with active compile tasks:

VM state:not at safepoint (normal execution)

VM Mutex/Monitor currently owned by a thread: None

Heap address: 0x00000000c1600000, size: 1002 MB, Compressed Oops mode: 32-bit
Narrow klass base: 0x0000000800000000, Narrow klass shift: 3
Compressed class space size: 1073741824 Address: 0x0000000800b40000

Heap:
 garbage-first heap   total 48128K, used 19871K [0x00000000c1600000, 0x0000000100000000)
  region size 1024K, 12 young (12288K), 3 survivors (3072K)
 Metaspace       used 22141K, capacity 22901K, committed 23168K, reserved 1069056K
  class space    used 2804K, capacity 3088K, committed 3200K, reserved 1048576K
Heap Regions: E=young(eden), S=young(survivor), O=old, HS=humongous(starts), HC=humongous(continues), CS=collection set, F=free, A=archive, TAMS=top-at-mark-start (previous, next)
|   0|0x00000000c1600000, 0x00000000c1700000, 0x00000000c1700000|100%|HS|  |TAMS 0x00000000c1700000, 0x00000000c1600000| Complete 
|   1|0x00000000c1700000, 0x00000000c1800000, 0x00000000c1800000|100%| O|  |TAMS 0x00000000c1800000, 0x00000000c1700000| Untracked 
|   2|0x00000000c1800000, 0x00000000c1900000, 0x00000000c1900000|100%| O|  |TAMS 0x00000000c1900000, 0x00000000c1800000| Untracked 
|   3|0x00000000c1900000, 0x00000000c1a00000, 0x00000000c1a00000|100%| O|  |TAMS 0x00000000c1a00000, 0x00000000c1900000| Untracked 
|   4|0x00000000c1a00000, 0x00000000c1b00000, 0x00000000c1b00000|100%| O|  |TAMS 0x00000000c1b00000, 0x00000000c1a00000| Untracked 
|   5|0x00000000c1b00000, 0x00000000c1c00000, 0x00000000c1c00000|100%| O|  |TAMS 0x00000000c1c00000, 0x00000000c1b00000| Untracked 
|   6|0x00000000c1c00000, 0x00000000c1c00000, 0x00000000c1d00000|  0%| F|  |TAMS 0x00000000c1c00000, 0x00000000c1c00000| Untracked 
|   7|0x00000000c1d00000, 0x00000000c1d00000, 0x00000000c1e00000|  0%| F|  |TAMS 0x00000000c1d00000, 0x00000000c1d00000| Untracked 
|   8|0x00000000c1e00000, 0x00000000c1e00000, 0x00000000c1f00000|  0%| F|  |TAMS 0x00000000c1e00000, 0x00000000c1e00000| Untracked 
|   9|0x00000000c1f00000, 0x00000000c1f00000, 0x00000000c2000000|  0%| F|  |TAMS 0x00000000c1f00000, 0x00000000c1f00000| Untracked 
|  10|0x00000000c2000000, 0x00000000c2000000, 0x00000000c2100000|  0%| F|  |TAMS 0x00000000c2000000, 0x00000000c2000000| Untracked 
|  11|0x00000000c2100000, 0x00000000c2100000, 0x00000000c2200000|  0%| F|  |TAMS 0x00000000c2100000, 0x00000000c2100000| Untracked 
|  12|0x00000000c2200000, 0x00000000c2200000, 0x00000000c2300000|  0%| F|  |TAMS 0x00000000c2200000, 0x00000000c2200000| Untracked 
|  13|0x00000000c2300000, 0x00000000c2300000, 0x00000000c2400000|  0%| F|  |TAMS 0x00000000c2300000, 0x00000000c2300000| Untracked 
|  14|0x00000000c2400000, 0x00000000c2500000, 0x00000000c2500000|100%| O|  |TAMS 0x00000000c2500000, 0x00000000c2400000| Untracked 
|  15|0x00000000c2500000, 0x00000000c2600000, 0x00000000c2600000|100%| O|  |TAMS 0x00000000c2600000, 0x00000000c2500000| Untracked 
|  16|0x00000000c2600000, 0x00000000c2700000, 0x00000000c2700000|100%| O|  |TAMS 0x00000000c2700000, 0x00000000c2600000| Untracked 
|  17|0x00000000c2700000, 0x00000000c272c400, 0x00000000c2800000| 17%| O|  |TAMS 0x00000000c272c400, 0x00000000c2700000| Untracked 
|  18|0x00000000c2800000, 0x00000000c2800000, 0x00000000c2900000|  0%| F|  |TAMS 0x00000000c2800000, 0x00000000c2800000| Untracked 
|  19|0x00000000c2900000, 0x00000000c2900000, 0x00000000c2a00000|  0%| F|  |TAMS 0x00000000c2900000, 0x00000000c2900000| Untracked 
|  20|0x00000000c2a00000, 0x00000000c2a00000, 0x00000000c2b00000|  0%| F|  |TAMS 0x00000000c2a00000, 0x00000000c2a00000| Untracked 
|  21|0x00000000c2b00000, 0x00000000c2b00000, 0x00000000c2c00000|  0%| F|  |TAMS 0x00000000c2b00000, 0x00000000c2b00000| Untracked 
|  22|0x00000000c2c00000, 0x00000000c2c00000, 0x00000000c2d00000|  0%| F|  |TAMS 0x00000000c2c00000, 0x00000000c2c00000| Untracked 
|  23|0x00000000c2d00000, 0x00000000c2d00000, 0x00000000c2e00000|  0%| F|  |TAMS 0x00000000c2d00000, 0x00000000c2d00000| Untracked 
|  24|0x00000000c2e00000, 0x00000000c2e00000, 0x00000000c2f00000|  0%| F|  |TAMS 0x00000000c2e00000, 0x00000000c2e00000| Untracked 
|  25|0x00000000c2f00000, 0x00000000c2f00000, 0x00000000c3000000|  0%| F|  |TAMS 0x00000000c2f00000, 0x00000000c2f00000| Untracked 
|  26|0x00000000c3000000, 0x00000000c3000000, 0x00000000c3100000|  0%| F|  |TAMS 0x00000000c3000000, 0x00000000c3000000| Untracked 
|  27|0x00000000c3100000, 0x00000000c3100000, 0x00000000c3200000|  0%| F|  |TAMS 0x00000000c3100000, 0x00000000c3100000| Untracked 
|  28|0x00000000c3200000, 0x00000000c3200000, 0x00000000c3300000|  0%| F|  |TAMS 0x00000000c3200000, 0x00000000c3200000| Untracked 
|  29|0x00000000c3300000, 0x00000000c3300000, 0x00000000c3400000|  0%| F|  |TAMS 0x00000000c3300000, 0x00000000c3300000| Untracked 
|  30|0x00000000c3400000, 0x00000000c3400000, 0x00000000c3500000|  0%| F|  |TAMS 0x00000000c3400000, 0x00000000c3400000| Untracked 
|  31|0x00000000c3500000, 0x00000000c3500000, 0x00000000c3600000|  0%| F|  |TAMS 0x00000000c3500000, 0x00000000c3500000| Untracked 
|  32|0x00000000c3600000, 0x00000000c3600000, 0x00000000c3700000|  0%| F|  |TAMS 0x00000000c3600000, 0x00000000c3600000| Untracked 
|  33|0x00000000c3700000, 0x00000000c3700000, 0x00000000c3800000|  0%| F|  |TAMS 0x00000000c3700000, 0x00000000c3700000| Untracked 
|  34|0x00000000c3800000, 0x00000000c3800000, 0x00000000c3900000|  0%| F|  |TAMS 0x00000000c3800000, 0x00000000c3800000| Untracked 
|  35|0x00000000c3900000, 0x00000000c393b938, 0x00000000c3a00000| 23%| S|CS|TAMS 0x00000000c3900000, 0x00000000c3900000| Complete 
|  36|0x00000000c3a00000, 0x00000000c3b00000, 0x00000000c3b00000|100%| S|CS|TAMS 0x00000000c3a00000, 0x00000000c3a00000| Complete 
|  37|0x00000000c3b00000, 0x00000000c3c00000, 0x00000000c3c00000|100%| S|CS|TAMS 0x00000000c3b00000, 0x00000000c3b00000| Complete 
|  38|0x00000000c3c00000, 0x00000000c3ccd3f0, 0x00000000c3d00000| 80%| E|  |TAMS 0x00000000c3c00000, 0x00000000c3c00000| Complete 
|  39|0x00000000c3d00000, 0x00000000c3e00000, 0x00000000c3e00000|100%| E|CS|TAMS 0x00000000c3d00000, 0x00000000c3d00000| Complete 
|  40|0x00000000c3e00000, 0x00000000c3f00000, 0x00000000c3f00000|100%| E|CS|TAMS 0x00000000c3e00000, 0x00000000c3e00000| Complete 
|  41|0x00000000c3f00000, 0x00000000c4000000, 0x00000000c4000000|100%| E|CS|TAMS 0x00000000c3f00000, 0x00000000c3f00000| Complete 
|  42|0x00000000c4000000, 0x00000000c4100000, 0x00000000c4100000|100%| E|CS|TAMS 0x00000000c4000000, 0x00000000c4000000| Complete 
|  43|0x00000000c4100000, 0x00000000c4200000, 0x00000000c4200000|100%| E|CS|TAMS 0x00000000c4100000, 0x00000000c4100000| Complete 
|  44|0x00000000c4200000, 0x00000000c4300000, 0x00000000c4300000|100%| E|CS|TAMS 0x00000000c4200000, 0x00000000c4200000| Complete 
|  45|0x00000000c4300000, 0x00000000c4400000, 0x00000000c4400000|100%| E|CS|TAMS 0x00000000c4300000, 0x00000000c4300000| Complete 
|  63|0x00000000c5500000, 0x00000000c5600000, 0x00000000c5600000|100%| E|CS|TAMS 0x00000000c5500000, 0x00000000c5500000| Complete 

Card table byte_map: [0x000001b95d680000,0x000001b95d880000] _byte_map_base: 0x000001b95d075000

Marking Bits (Prev, Next): (CMBitMap*) 0x000001b945fbc058, (CMBitMap*) 0x000001b945fbc018
 Prev Bits: [0x000001b95ea30000, 0x000001b95f9d8000)
 Next Bits: [0x000001b95da80000, 0x000001b95ea28000)

Polling page: 0x000001b943d70000

Metaspace:

Usage:
  Non-class:     19.35 MB capacity,    18.88 MB ( 98%) used,   403.36 KB (  2%) free+waste,    72.63 KB ( <1%) overhead. 
      Class:      3.02 MB capacity,     2.74 MB ( 91%) used,   244.89 KB (  8%) free+waste,    38.50 KB (  1%) overhead. 
       Both:     22.36 MB capacity,    21.62 MB ( 97%) used,   648.25 KB (  3%) free+waste,   111.13 KB ( <1%) overhead. 

Virtual space:
  Non-class space:       20.00 MB reserved,      19.50 MB ( 98%) committed 
      Class space:        1.00 GB reserved,       3.13 MB ( <1%) committed 
             Both:        1.02 GB reserved,      22.63 MB (  2%) committed 

Chunk freelists:
   Non-Class:  27.00 KB
       Class:  16.00 KB
        Both:  43.00 KB

MaxMetaspaceSize: 17179869184.00 GB
CompressedClassSpaceSize: 1.00 GB

CodeHeap 'non-profiled nmethods': size=120000Kb used=507Kb max_used=530Kb free=119492Kb
 bounds [0x000001b955f50000, 0x000001b9561c0000, 0x000001b95d480000]
CodeHeap 'profiled nmethods': size=120000Kb used=2166Kb max_used=2602Kb free=117833Kb
 bounds [0x000001b94ea20000, 0x000001b94ecb0000, 0x000001b955f50000]
CodeHeap 'non-nmethods': size=5760Kb used=1333Kb max_used=1333Kb free=4426Kb
 bounds [0x000001b94e480000, 0x000001b94e6f0000, 0x000001b94ea20000]
 total_blobs=2368 nmethods=1129 adapters=439
 compilation: enabled
              stopped_count=0, restarted_count=0
 full_count=0

Compilation events (20 events):
Event: 14.058 Thread 0x000001b961e96800 nmethod 1264 0x000001b94eca6890 code [0x000001b94eca6a60, 0x000001b94eca6f20]
Event: 14.064 Thread 0x000001b961e96800 1265       3       jdk.internal.loader.URLClassPath$JarLoader$2::getCodeSigners (8 bytes)
Event: 14.064 Thread 0x000001b961e96800 nmethod 1265 0x000001b94eca7090 code [0x000001b94eca7240, 0x000001b94eca7490]
Event: 14.065 Thread 0x000001b961e96800 1266   !   3       java.util.jar.JarFile$JarFileEntry::getCodeSigners (81 bytes)
Event: 14.065 Thread 0x000001b961e96800 nmethod 1266 0x000001b94eca7590 code [0x000001b94eca77a0, 0x000001b94eca7db0]
Event: 14.080 Thread 0x000001b961e96800 1268   !   3       java.lang.ref.ReferenceQueue::enqueue (119 bytes)
Event: 14.081 Thread 0x000001b961e8f800 1269       4       java.lang.AbstractStringBuilder::append (45 bytes)
Event: 14.083 Thread 0x000001b961e96800 nmethod 1268 0x000001b94eca8010 code [0x000001b94eca8200, 0x000001b94eca8a90]
Event: 14.087 Thread 0x000001b961e96800 1271       1       java.lang.Enum::name (5 bytes)
Event: 14.088 Thread 0x000001b961e96800 nmethod 1271 0x000001b955fca210 code [0x000001b955fca3a0, 0x000001b955fca4d8]
Event: 14.094 Thread 0x000001b961e96800 1273       3       java.util.HashMap::tableSizeFor (32 bytes)
Event: 14.094 Thread 0x000001b961e96800 nmethod 1273 0x000001b94eca8c90 code [0x000001b94eca8e40, 0x000001b94eca9090]
Event: 14.095 Thread 0x000001b961e96800 1275       3       java.lang.Class::getMethod (59 bytes)
Event: 14.098 Thread 0x000001b961e96800 nmethod 1275 0x000001b94eca9110 code [0x000001b94eca9420, 0x000001b94ecaa3a0]
Event: 14.100 Thread 0x000001b961e8f800 nmethod 1269 0x000001b955fca590 code [0x000001b955fca740, 0x000001b955fcae48]
Event: 14.100 Thread 0x000001b961e8f800 1272       4       java.util.HashMap::putVal (300 bytes)
Event: 14.176 Thread 0x000001b961e8f800 nmethod 1272 0x000001b955fcb290 code [0x000001b955fcb4a0, 0x000001b955fccba8]
Event: 14.177 Thread 0x000001b961e8f800 1274       4       sun.reflect.generics.parser.SignatureParser::advance (53 bytes)
Event: 14.180 Thread 0x000001b961e8f800 nmethod 1274 0x000001b955fcd310 code [0x000001b955fcd4a0, 0x000001b955fcd5d8]
Event: 14.188 Thread 0x000001b963349800 nmethod 1219 0x000001b955fcd710 code [0x000001b955fcdb60, 0x000001b955fd2318]

GC Heap History (14 events):
Event: 2.999 GC heap before
{Heap before GC invocations=0 (full 0):
 garbage-first heap   total 65536K, used 14336K [0x00000000c1600000, 0x0000000100000000)
  region size 1024K, 14 young (14336K), 0 survivors (0K)
 Metaspace       used 5814K, capacity 6687K, committed 6912K, reserved 1056768K
  class space    used 639K, capacity 699K, committed 768K, reserved 1048576K
}
Event: 3.021 GC heap after
{Heap after GC invocations=1 (full 0):
 garbage-first heap   total 65536K, used 5881K [0x00000000c1600000, 0x0000000100000000)
  region size 1024K, 2 young (2048K), 2 survivors (2048K)
 Metaspace       used 5814K, capacity 6687K, committed 6912K, reserved 1056768K
  class space    used 639K, capacity 699K, committed 768K, reserved 1048576K
}
Event: 14.072 GC heap before
{Heap before GC invocations=1 (full 0):
 garbage-first heap   total 65536K, used 16121K [0x00000000c1600000, 0x0000000100000000)
  region size 1024K, 12 young (12288K), 2 survivors (2048K)
 Metaspace       used 8255K, capacity 8550K, committed 8704K, reserved 1056768K
  class space    used 933K, capacity 1022K, committed 1024K, reserved 1048576K
}
Event: 14.079 GC heap after
{Heap after GC invocations=2 (full 0):
 garbage-first heap   total 65536K, used 6979K [0x00000000c1600000, 0x0000000100000000)
  region size 1024K, 2 young (2048K), 2 survivors (2048K)
 Metaspace       used 8255K, capacity 8550K, committed 8704K, reserved 1056768K
  class space    used 933K, capacity 1022K, committed 1024K, reserved 1048576K
}
Event: 25.665 GC heap before
{Heap before GC invocations=2 (full 0):
 garbage-first heap   total 65536K, used 30531K [0x00000000c1600000, 0x0000000100000000)
  region size 1024K, 25 young (25600K), 2 survivors (2048K)
 Metaspace       used 14410K, capacity 14957K, committed 15104K, reserved 1062912K
  class space    used 1795K, capacity 1988K, committed 2048K, reserved 1048576K
}
Event: 25.677 GC heap after
{Heap after GC invocations=3 (full 0):
 garbage-first heap   total 65536K, used 9591K [0x00000000c1600000, 0x0000000100000000)
  region size 1024K, 4 young (4096K), 4 survivors (4096K)
 Metaspace       used 14410K, capacity 14957K, committed 15104K, reserved 1062912K
  class space    used 1795K, capacity 1988K, committed 2048K, reserved 1048576K
}
Event: 141.093 GC heap before
{Heap before GC invocations=3 (full 0):
 garbage-first heap   total 65536K, used 46455K [0x00000000c1600000, 0x0000000100000000)
  region size 1024K, 32 young (32768K), 4 survivors (4096K)
 Metaspace       used 15631K, capacity 16181K, committed 16384K, reserved 1062912K
  class space    used 1956K, capacity 2183K, committed 2304K, reserved 1048576K
}
Event: 141.102 GC heap after
{Heap after GC invocations=4 (full 0):
 garbage-first heap   total 65536K, used 13777K [0x00000000c1600000, 0x0000000100000000)
  region size 1024K, 2 young (2048K), 2 survivors (2048K)
 Metaspace       used 15631K, capacity 16181K, committed 16384K, reserved 1062912K
  class space    used 1956K, capacity 2183K, committed 2304K, reserved 1048576K
}
Event: 150.056 GC heap before
{Heap before GC invocations=4 (full 0):
 garbage-first heap   total 65536K, used 42449K [0x00000000c1600000, 0x0000000100000000)
  region size 1024K, 29 young (29696K), 2 survivors (2048K)
 Metaspace       used 15631K, capacity 16181K, committed 16384K, reserved 1062912K
  class space    used 1956K, capacity 2183K, committed 2304K, reserved 1048576K
}
Event: 150.058 GC heap after
{Heap after GC invocations=5 (full 0):
 garbage-first heap   total 65536K, used 14099K [0x00000000c1600000, 0x0000000100000000)
  region size 1024K, 1 young (1024K), 1 survivors (1024K)
 Metaspace       used 15631K, capacity 16181K, committed 16384K, reserved 1062912K
  class space    used 1956K, capacity 2183K, committed 2304K, reserved 1048576K
}
Event: 160.128 GC heap before
{Heap before GC invocations=5 (full 0):
 garbage-first heap   total 65536K, used 45843K [0x00000000c1600000, 0x0000000100000000)
  region size 1024K, 30 young (30720K), 1 survivors (1024K)
 Metaspace       used 15631K, capacity 16181K, committed 16384K, reserved 1062912K
  class space    used 1956K, capacity 2183K, committed 2304K, reserved 1048576K
}
Event: 160.130 GC heap after
{Heap after GC invocations=6 (full 0):
 garbage-first heap   total 65536K, used 15070K [0x00000000c1600000, 0x0000000100000000)
  region size 1024K, 1 young (1024K), 1 survivors (1024K)
 Metaspace       used 15631K, capacity 16181K, committed 16384K, reserved 1062912K
  class space    used 1956K, capacity 2183K, committed 2304K, reserved 1048576K
}
Event: 289.113 GC heap before
{Heap before GC invocations=6 (full 0):
 garbage-first heap   total 65536K, used 43742K [0x00000000c1600000, 0x0000000100000000)
  region size 1024K, 27 young (27648K), 1 survivors (1024K)
 Metaspace       used 20466K, capacity 21179K, committed 21248K, reserved 1067008K
  class space    used 2540K, capacity 2795K, committed 2816K, reserved 1048576K
}
Event: 289.137 GC heap after
{Heap after GC invocations=7 (full 0):
 garbage-first heap   total 65536K, used 11679K [0x00000000c1600000, 0x0000000100000000)
  region size 1024K, 3 young (3072K), 3 survivors (3072K)
 Metaspace       used 20466K, capacity 21179K, committed 21248K, reserved 1067008K
  class space    used 2540K, capacity 2795K, committed 2816K, reserved 1048576K
}

Deoptimization events (20 events):
Event: 14.021 Thread 0x000001b945f8a000 DEOPT PACKING pc=0x000001b94eb08484 sp=0x000000030d2fcba0
Event: 14.021 Thread 0x000001b945f8a000 DEOPT UNPACKING pc=0x000001b94e4c964e sp=0x000000030d2fc058 mode 1
Event: 14.022 Thread 0x000001b945f8a000 DEOPT PACKING pc=0x000001b94eb0d2d4 sp=0x000000030d2fca70
Event: 14.022 Thread 0x000001b945f8a000 DEOPT UNPACKING pc=0x000001b94e4c964e sp=0x000000030d2fbf08 mode 1
Event: 14.022 Thread 0x000001b945f8a000 DEOPT PACKING pc=0x000001b94eb08484 sp=0x000000030d2fcb40
Event: 14.022 Thread 0x000001b945f8a000 DEOPT UNPACKING pc=0x000001b94e4c964e sp=0x000000030d2fbff8 mode 1
Event: 14.033 Thread 0x000001b945f8a000 Uncommon trap: trap_request=0xffffffde fr.pc=0x000001b955fb9c5c relative=0x000000000000159c
Event: 14.033 Thread 0x000001b945f8a000 Uncommon trap: reason=class_check action=maybe_recompile pc=0x000001b955fb9c5c method=java.util.HashMap.putVal(ILjava/lang/Object;Ljava/lang/Object;ZZ)Ljava/lang/Object; @ 203 c2
Event: 14.033 Thread 0x000001b945f8a000 DEOPT PACKING pc=0x000001b955fb9c5c sp=0x000000030d2fc990
Event: 14.033 Thread 0x000001b945f8a000 DEOPT UNPACKING pc=0x000001b94e4c912f sp=0x000000030d2fc970 mode 2
Event: 14.035 Thread 0x000001b945f8a000 Uncommon trap: trap_request=0xffffffde fr.pc=0x000001b955fb9c5c relative=0x000000000000159c
Event: 14.035 Thread 0x000001b945f8a000 Uncommon trap: reason=class_check action=maybe_recompile pc=0x000001b955fb9c5c method=java.util.HashMap.putVal(ILjava/lang/Object;Ljava/lang/Object;ZZ)Ljava/lang/Object; @ 203 c2
Event: 14.035 Thread 0x000001b945f8a000 DEOPT PACKING pc=0x000001b955fb9c5c sp=0x000000030d2fc990
Event: 14.035 Thread 0x000001b945f8a000 DEOPT UNPACKING pc=0x000001b94e4c912f sp=0x000000030d2fc970 mode 2
Event: 14.054 Thread 0x000001b945f8a000 Uncommon trap: trap_request=0xffffffde fr.pc=0x000001b955fb9c5c relative=0x000000000000159c
Event: 14.054 Thread 0x000001b945f8a000 Uncommon trap: reason=class_check action=maybe_recompile pc=0x000001b955fb9c5c method=java.util.HashMap.putVal(ILjava/lang/Object;Ljava/lang/Object;ZZ)Ljava/lang/Object; @ 203 c2
Event: 14.054 Thread 0x000001b945f8a000 DEOPT PACKING pc=0x000001b955fb9c5c sp=0x000000030d2fc990
Event: 14.054 Thread 0x000001b945f8a000 DEOPT UNPACKING pc=0x000001b94e4c912f sp=0x000000030d2fc970 mode 2
Event: 275.151 Thread 0x000001b963318800 DEOPT PACKING pc=0x000001b94eabdb3c sp=0x000000030e8ff360
Event: 275.151 Thread 0x000001b963318800 DEOPT UNPACKING pc=0x000001b94e4c964e sp=0x000000030e8fe8c0 mode 0

Classes unloaded (0 events):
No events

Classes redefined (1 events):
Event: 323.336 Thread 0x000001b961e61000 redefined class name=helper.excel.ExcelHelper, count=1

Internal exceptions (20 events):
Event: 23.212 Thread 0x000001b963349800 Exception <a 'java/lang/NoSuchMethodError'{0x00000000c46964a8}: 'java.lang.Object java.lang.invoke.Invokers$Holder.linkToTargetMethod(java.lang.Object, long, java.lang.Object)'> (0x00000000c46964a8) 
thrown [t:/workspace/open/src/hotspot/share/interpreter/linkResolver.cpp, line 767]
Event: 23.661 Thread 0x000001b962af0800 Exception <a 'java/net/SocketException'{0x00000000c46a5b18}: Socket is not connected: shutdown> (0x00000000c46a5b18) 
thrown [t:/workspace/open/src/hotspot/share/prims/jni.cpp, line 619]
Event: 24.177 Thread 0x000001b962af0800 Exception <a 'java/net/SocketException'{0x00000000c46a6eb0}: Socket is not connected: shutdown> (0x00000000c46a6eb0) 
thrown [t:/workspace/open/src/hotspot/share/prims/jni.cpp, line 619]
Event: 24.333 Thread 0x000001b945f8a000 Exception <a 'java/lang/NoSuchMethodError'{0x00000000c4556d30}: 'java.lang.Object java.lang.invoke.DirectMethodHandle$Holder.invokeInterface(java.lang.Object, java.lang.Object, java.lang.Object)'> (0x00000000c4556d30) 
thrown [t:/workspace/open/src/hotspot/share/interpreter/linkResolver.cpp, line 767]
Event: 24.338 Thread 0x000001b945f8a000 Exception <a 'java/lang/IncompatibleClassChangeError'{0x00000000c4559bc0}: Found class java.lang.Object, but interface was expected> (0x00000000c4559bc0) 
thrown [t:/workspace/open/src/hotspot/share/interpreter/linkResolver.cpp, line 833]
Event: 24.351 Thread 0x000001b945f8a000 Exception <a 'java/lang/NoSuchMethodError'{0x00000000c4561a88}: 'int java.lang.invoke.DirectMethodHandle$Holder.invokeSpecialIFC(java.lang.Object, java.lang.Object, java.lang.Object, java.lang.Object)'> (0x00000000c4561a88) 
thrown [t:/workspace/open/src/hotspot/share/interpreter/linkResolver.cpp, line 767]
Event: 24.359 Thread 0x000001b945f8a000 Exception <a 'java/lang/NoSuchMethodError'{0x00000000c4569808}: 'java.lang.Object java.lang.invoke.DirectMethodHandle$Holder.invokeInterface(java.lang.Object, java.lang.Object, java.lang.Object, java.lang.Object)'> (0x00000000c4569808) 
thrown [t:/workspace/open/src/hotspot/share/interpreter/linkResolver.cpp, line 767]
Event: 24.385 Thread 0x000001b945f8a000 Exception <a 'java/lang/NoSuchMethodError'{0x00000000c458da70}: 'java.lang.Object java.lang.invoke.DirectMethodHandle$Holder.invokeVirtual(java.lang.Object, java.lang.Object, java.lang.Object)'> (0x00000000c458da70) 
thrown [t:/workspace/open/src/hotspot/share/interpreter/linkResolver.cpp, line 767]
Event: 24.490 Thread 0x000001b945f8a000 Exception <a 'java/lang/NoSuchMethodError'{0x00000000c4471ab0}: 'double java.lang.invoke.DirectMethodHandle$Holder.invokeVirtual(java.lang.Object, java.lang.Object)'> (0x00000000c4471ab0) 
thrown [t:/workspace/open/src/hotspot/share/interpreter/linkResolver.cpp, line 767]
Event: 24.495 Thread 0x000001b945f8a000 Exception <a 'java/lang/NoSuchMethodError'{0x00000000c44775b0}: 'float java.lang.invoke.DirectMethodHandle$Holder.invokeVirtual(java.lang.Object, java.lang.Object)'> (0x00000000c44775b0) 
thrown [t:/workspace/open/src/hotspot/share/interpreter/linkResolver.cpp, line 767]
Event: 24.500 Thread 0x000001b945f8a000 Exception <a 'java/lang/NoSuchMethodError'{0x00000000c447ef78}: 'long java.lang.invoke.DirectMethodHandle$Holder.invokeVirtual(java.lang.Object, java.lang.Object)'> (0x00000000c447ef78) 
thrown [t:/workspace/open/src/hotspot/share/interpreter/linkResolver.cpp, line 767]
Event: 24.598 Thread 0x000001b945f8a000 Exception <a 'java/lang/NoSuchMethodError'{0x00000000c432a418}: 'void java.lang.invoke.DirectMethodHandle$Holder.invokeSpecial(java.lang.Object, java.lang.Object, java.lang.Object, java.lang.Object)'> (0x00000000c432a418) 
thrown [t:/workspace/open/src/hotspot/share/interpreter/linkResolver.cpp, line 767]
Event: 24.719 Thread 0x000001b945f8a000 Exception <a 'java/lang/NoSuchMethodError'{0x00000000c43df440}: 'void java.lang.invoke.DirectMethodHandle$Holder.invokeSpecial(java.lang.Object, java.lang.Object, java.lang.Object, java.lang.Object, java.lang.Object)'> (0x00000000c43df440) 
thrown [t:/workspace/open/src/hotspot/share/interpreter/linkResolver.cpp, line 767]
Event: 36.774 Thread 0x000001b945f8a000 Exception <a 'java/lang/NoSuchMethodError'{0x00000000c535d208}: 'java.lang.Object java.lang.invoke.DirectMethodHandle$Holder.invokeSpecialIFC(java.lang.Object, java.lang.Object, java.lang.Object)'> (0x00000000c535d208) 
thrown [t:/workspace/open/src/hotspot/share/interpreter/linkResolver.cpp, line 767]
Event: 45.776 Thread 0x000001b945f8a000 Exception <a 'java/lang/NoSuchMethodError'{0x00000000c5101020}: 'void java.lang.invoke.DirectMethodHandle$Holder.invokeInterface(java.lang.Object, java.lang.Object)'> (0x00000000c5101020) 
thrown [t:/workspace/open/src/hotspot/share/interpreter/linkResolver.cpp, line 767]
Event: 244.789 Thread 0x000001b945f8a000 Exception <a 'java/lang/NullPointerException'{0x00000000c5127bd8}> (0x00000000c5127bd8) 
thrown [t:/workspace/open/src/hotspot/share/interpreter/linkResolver.cpp, line 1349]
Event: 275.032 Thread 0x000001b945f8a000 Exception <a 'java/lang/reflect/InvocationTargetException'{0x00000000c5127ea8}> (0x00000000c5127ea8) 
thrown [t:/workspace/open/src/hotspot/share/runtime/reflection.cpp, line 1188]
Event: 285.200 Thread 0x000001b945f8a000 Exception <a 'java/lang/NoSuchMethodError'{0x00000000c4cc94f8}: 'void java.lang.invoke.DirectMethodHandle$Holder.invokeStatic(java.lang.Object, java.lang.Object, java.lang.Object, int)'> (0x00000000c4cc94f8) 
thrown [t:/workspace/open/src/hotspot/share/interpreter/linkResolver.cpp, line 767]
Event: 285.202 Thread 0x000001b945f8a000 Exception <a 'java/lang/NoSuchMethodError'{0x00000000c4ccc1f8}: 'void java.lang.invoke.DirectMethodHandle$Holder.invokeStaticInit(java.lang.Object, java.lang.Object, java.lang.Object, int)'> (0x00000000c4ccc1f8) 
thrown [t:/workspace/open/src/hotspot/share/interpreter/linkResolver.cpp, line 767]
Event: 286.692 Thread 0x000001b945f8a000 Exception <a 'java/lang/NoSuchMethodError'{0x00000000c469f540}: 'java.lang.Object java.lang.invoke.DirectMethodHandle$Holder.newInvokeSpecial(java.lang.Object, java.lang.Object, java.lang.Object)'> (0x00000000c469f540) 
thrown [t:/workspace/open/src/hotspot/share/interpreter/linkResolver.cpp, line 767]

Events (20 events):
Event: 323.886 Executing VM operation: GetFrameCount
Event: 323.886 Executing VM operation: GetFrameCount done
Event: 323.887 Executing VM operation: GetStackTrace
Event: 323.887 Executing VM operation: GetStackTrace done
Event: 323.889 Executing VM operation: GetFrameCount
Event: 323.889 Executing VM operation: GetFrameCount done
Event: 323.890 Executing VM operation: GetOwnedMonitorInfo
Event: 323.890 Executing VM operation: GetOwnedMonitorInfo done
Event: 323.890 Executing VM operation: GetCurrentContendedMonitor
Event: 323.890 Executing VM operation: GetCurrentContendedMonitor done
Event: 323.891 Executing VM operation: GetOwnedMonitorInfo
Event: 323.891 Executing VM operation: GetOwnedMonitorInfo done
Event: 323.891 Executing VM operation: GetCurrentContendedMonitor
Event: 323.892 Executing VM operation: GetCurrentContendedMonitor done
Event: 323.895 Executing VM operation: GetCurrentContendedMonitor
Event: 323.896 Executing VM operation: GetCurrentContendedMonitor done
Event: 323.897 Executing VM operation: GetOwnedMonitorInfo
Event: 323.897 Executing VM operation: GetOwnedMonitorInfo done
Event: 324.094 Executing VM operation: GetFrameLocation
Event: 324.094 Executing VM operation: GetFrameLocation done


Dynamic libraries:
0x00007ff7b78e0000 - 0x00007ff7b78ef000 	C:\Program Files\Java\jdk-13.0.2\bin\javaw.exe
0x00007ffb80960000 - 0x00007ffb80b50000 	C:\Windows\SYSTEM32\ntdll.dll
0x00007ffb71ad0000 - 0x00007ffb71ae5000 	C:\Program Files\AVAST Software\Avast\aswhook.dll
0x00007ffb7f1f0000 - 0x00007ffb7f2a2000 	C:\Windows\System32\KERNEL32.DLL
0x00007ffb7e350000 - 0x00007ffb7e5f3000 	C:\Windows\System32\KERNELBASE.dll
0x00007ffb7e910000 - 0x00007ffb7ea0a000 	C:\Windows\System32\ucrtbase.dll
0x00007ffb65ca0000 - 0x00007ffb65cb8000 	C:\Program Files\Java\jdk-13.0.2\bin\jli.dll
0x00007ffb7f7d0000 - 0x00007ffb7f873000 	C:\Windows\System32\ADVAPI32.dll
0x00007ffb7f880000 - 0x00007ffb7f91e000 	C:\Windows\System32\msvcrt.dll
0x00007ffb7f920000 - 0x00007ffb7f9b7000 	C:\Windows\System32\sechost.dll
0x00007ffb7f4d0000 - 0x00007ffb7f5f0000 	C:\Windows\System32\RPCRT4.dll
0x00007ffb80300000 - 0x00007ffb80494000 	C:\Windows\System32\USER32.dll
0x00007ffb7d9a0000 - 0x00007ffb7d9c1000 	C:\Windows\System32\win32u.dll
0x00007ffb808e0000 - 0x00007ffb80906000 	C:\Windows\System32\GDI32.dll
0x00007ffb7e600000 - 0x00007ffb7e794000 	C:\Windows\System32\gdi32full.dll
0x00007ffb7e810000 - 0x00007ffb7e8ae000 	C:\Windows\System32\msvcp_win.dll
0x00007ffb65c80000 - 0x00007ffb65c95000 	C:\Program Files\Java\jdk-13.0.2\bin\VCRUNTIME140.dll
0x00007ffb6e530000 - 0x00007ffb6e7b5000 	C:\Windows\WinSxS\amd64_microsoft.windows.common-controls_6595b64144ccf1df_6.0.18362.720_none_e6beb5c51314836b\COMCTL32.dll
0x00007ffb7f9c0000 - 0x00007ffb7fcf6000 	C:\Windows\System32\combase.dll
0x00007ffb7d9d0000 - 0x00007ffb7da50000 	C:\Windows\System32\bcryptPrimitives.dll
0x00007ffb73520000 - 0x00007ffb7352a000 	C:\Windows\SYSTEM32\VERSION.dll
0x00007ffb7ea10000 - 0x00007ffb7ea3e000 	C:\Windows\System32\IMM32.DLL
0x00007ffb63410000 - 0x00007ffb634ab000 	C:\Program Files\Java\jdk-13.0.2\bin\msvcp140.dll
0x00007ffb355e0000 - 0x00007ffb3613d000 	C:\Program Files\Java\jdk-13.0.2\bin\server\jvm.dll
0x00007ffb7ea40000 - 0x00007ffb7ea48000 	C:\Windows\System32\PSAPI.DLL
0x00007ffb6d690000 - 0x00007ffb6d699000 	C:\Windows\SYSTEM32\WSOCK32.dll
0x00007ffb80500000 - 0x00007ffb8056f000 	C:\Windows\System32\WS2_32.dll
0x00007ffb7a380000 - 0x00007ffb7a3a4000 	C:\Windows\SYSTEM32\WINMM.dll
0x00007ffb7a350000 - 0x00007ffb7a37d000 	C:\Windows\SYSTEM32\WINMMBASE.dll
0x00007ffb7e7c0000 - 0x00007ffb7e80a000 	C:\Windows\System32\cfgmgr32.dll
0x00007ffb7d880000 - 0x00007ffb7d891000 	C:\Windows\System32\kernel.appcore.dll
0x00007ffb7b890000 - 0x00007ffb7b8a0000 	C:\Program Files\Java\jdk-13.0.2\bin\verify.dll
0x00007ffb73170000 - 0x00007ffb73364000 	C:\Windows\SYSTEM32\DBGHELP.DLL
0x00007ffb73140000 - 0x00007ffb7316a000 	C:\Windows\SYSTEM32\dbgcore.DLL
0x00007ffb65b60000 - 0x00007ffb65b86000 	C:\Program Files\Java\jdk-13.0.2\bin\java.dll
0x00007ffb65460000 - 0x00007ffb65498000 	C:\Program Files\Java\jdk-13.0.2\bin\jdwp.dll
0x00007ffb67c00000 - 0x00007ffb67c17000 	C:\Program Files\Java\jdk-13.0.2\bin\zip.dll
0x00007ffb720f0000 - 0x00007ffb720fa000 	C:\Program Files\Java\jdk-13.0.2\bin\jimage.dll
0x00007ffb7eb00000 - 0x00007ffb7f1e5000 	C:\Windows\System32\SHELL32.dll
0x00007ffb7fdd0000 - 0x00007ffb7fe79000 	C:\Windows\System32\shcore.dll
0x00007ffb7da80000 - 0x00007ffb7e200000 	C:\Windows\System32\windows.storage.dll
0x00007ffb7d830000 - 0x00007ffb7d853000 	C:\Windows\System32\profapi.dll
0x00007ffb7d8a0000 - 0x00007ffb7d8ea000 	C:\Windows\System32\powrprof.dll
0x00007ffb7d820000 - 0x00007ffb7d830000 	C:\Windows\System32\UMPDC.dll
0x00007ffb804a0000 - 0x00007ffb804f2000 	C:\Windows\System32\shlwapi.dll
0x00007ffb7e7a0000 - 0x00007ffb7e7b7000 	C:\Windows\System32\cryptsp.dll
0x00007ffb66ed0000 - 0x00007ffb66edb000 	C:\Program Files\Java\jdk-13.0.2\bin\dt_socket.dll
0x00007ffb7d090000 - 0x00007ffb7d0f7000 	C:\Windows\system32\mswsock.dll
0x00007ffb7cde0000 - 0x00007ffb7ceaa000 	C:\Windows\SYSTEM32\DNSAPI.dll
0x00007ffb80910000 - 0x00007ffb80918000 	C:\Windows\System32\NSI.dll
0x00007ffb7cda0000 - 0x00007ffb7cdda000 	C:\Windows\SYSTEM32\IPHLPAPI.DLL
0x00007ffb6dc50000 - 0x00007ffb6dc5a000 	C:\Windows\System32\rasadhlp.dll
0x00007ffb73060000 - 0x00007ffb730d7000 	C:\Windows\System32\fwpuclnt.dll
0x00007ffb7da50000 - 0x00007ffb7da76000 	C:\Windows\System32\bcrypt.dll
0x00007ffb65c30000 - 0x00007ffb65c49000 	C:\Program Files\Java\jdk-13.0.2\bin\net.dll
0x00007ffb6e030000 - 0x00007ffb6e121000 	C:\Windows\SYSTEM32\WINHTTP.dll
0x00007ffb65b40000 - 0x00007ffb65b53000 	C:\Program Files\Java\jdk-13.0.2\bin\nio.dll
0x00007ffb7cc00000 - 0x00007ffb7cc33000 	C:\Windows\system32\rsaenh.dll
0x00007ffb7d710000 - 0x00007ffb7d735000 	C:\Windows\SYSTEM32\USERENV.dll
0x00007ffb7d260000 - 0x00007ffb7d26c000 	C:\Windows\SYSTEM32\CRYPTBASE.dll
0x00007ffb734e0000 - 0x00007ffb734f6000 	C:\Windows\SYSTEM32\dhcpcsvc6.DLL
0x00007ffb73960000 - 0x00007ffb7397c000 	C:\Windows\SYSTEM32\dhcpcsvc.DLL
0x00007ffb71c80000 - 0x00007ffb71c8e000 	C:\Program Files\Java\jdk-13.0.2\bin\sunmscapi.dll
0x00007ffb7e200000 - 0x00007ffb7e349000 	C:\Windows\System32\CRYPT32.dll
0x00007ffb7d860000 - 0x00007ffb7d872000 	C:\Windows\System32\MSASN1.dll
0x00007ffb7d360000 - 0x00007ffb7d386000 	C:\Windows\SYSTEM32\ncrypt.dll
0x00007ffb7d320000 - 0x00007ffb7d35b000 	C:\Windows\SYSTEM32\NTASN1.dll
0x00007ffb67cd0000 - 0x00007ffb67cf5000 	C:\Program Files\Java\jdk-13.0.2\bin\sunec.dll

dbghelp: loaded successfully - version: 4.0.5 - missing functions: none
symbol engine: initialized successfully - sym options: 0x614 - pdb path: .;C:\Program Files\Java\jdk-13.0.2\bin;C:\Windows\SYSTEM32;C:\Program Files\AVAST Software\Avast;C:\Windows\WinSxS\amd64_microsoft.windows.common-controls_6595b64144ccf1df_6.0.18362.720_none_e6beb5c51314836b;C:\Program Files\Java\jdk-13.0.2\bin\server

VM Arguments:
jvm_args: -agentlib:jdwp=transport=dt_socket,suspend=y,address=localhost:53431 -ea -Dproperty=null -Dproperty=null -Dproperty=null -Dfile.encoding=Cp1252 
java_command: org.testng.remote.RemoteTestNG -serport 53425 -protocol json -d F:\software1\JAVA&SELENIUM_PROGRAM\practice\test-output C:\Users\Home-SM\AppData\Local\Temp\testng-eclipse-754966311\testng-customsuite.xml
java_class_path (initial): C:\Users\Home-SM\eclipse\jee-2019-12\eclipse\configuration\org.eclipse.osgi\965\0\.cp\lib\testng-remote.jar;F:\software1\JAVA&SELENIUM_PROGRAM\practice\target\test-classes;F:\software1\JAVA&SELENIUM_PROGRAM\practice\target\classes;C:\Users\Home-SM\.p2\pool\plugins\org.testng_7.0.0.r201908191551.jar;C:\Users\Home-SM\.p2\pool\plugins\com.beust.jcommander_1.72.0.jar;C:\Users\Home-SM\.p2\pool\plugins\org.apache-extras.beanshell.bsh_2.0.0.b6.jar;C:\Users\Home-SM\.p2\pool\plugins\org.yaml.snakeyaml_1.21.0.jar;C:\Users\Home-SM\.m2\repository\org\seleniumhq\selenium\selenium-java\3.141.59\selenium-java-3.141.59.jar;C:\Users\Home-SM\.m2\repository\org\seleniumhq\selenium\selenium-api\3.141.59\selenium-api-3.141.59.jar;C:\Users\Home-SM\.m2\repository\org\seleniumhq\selenium\selenium-chrome-driver\3.141.59\selenium-chrome-driver-3.141.59.jar;C:\Users\Home-SM\.m2\repository\org\seleniumhq\selenium\selenium-edge-driver\3.141.59\selenium-edge-driver-3.141.59.jar;C:\Users\Home-SM\.m2\repository\org\seleniumhq\selenium\selenium-firefox-driver\3.141.59\selenium-firefox-driver-3.141.59.jar;C:\Users\Home-SM\.m2\repository\org\seleniumhq\selenium\selenium-ie-driver\3.141.59\selenium-ie-driver-3.141.59.jar;C:\Users\Home-SM\.m2\repository\org\seleniumhq\selenium\selenium-opera-driver\3.141.59\selenium-opera-driver-3.141.59.jar;C:\Users\Home-SM\.m2\repository\org\seleniumhq\selenium\selenium-remote-driver\3.141.59\selenium-remote-driver-3.141.59.jar;C:\Users\Home-SM\.m2\repository\org\seleniumhq\selenium\selenium-safari-driver\3.141.59\selenium-safari-driver-3.141.59.jar;C:\Users\Home-SM\.m2\repository\org\seleniumhq\selenium\selenium-support\3.141.59\selenium-support-3.141.59.jar;C:\Users\Home-SM\.m2\repository\net\bytebuddy\byte-buddy\1.8.15\byte-buddy-1.8.15.jar;C:\Users\Home-SM\.m2\repository\org\apache\commons\commons-exec\1.3\commons-exec-1.3.jar;C:\Users\Home-SM\.m2\repository\com\google\guava\guava\25.0-jre\guava-25.0-jre.jar;C:\Users\Home-SM\.m2\repos
Launcher Type: SUN_STANDARD

[Global flags]
     intx CICompilerCount                          = 3                                         {product} {ergonomic}
     uint ConcGCThreads                            = 1                                         {product} {ergonomic}
     uint G1ConcRefinementThreads                  = 4                                         {product} {ergonomic}
   size_t G1HeapRegionSize                         = 1048576                                   {product} {ergonomic}
    uintx GCDrainStackTargetSize                   = 64                                        {product} {ergonomic}
   size_t InitialHeapSize                          = 67108864                                  {product} {ergonomic}
   size_t MarkStackSize                            = 4194304                                   {product} {ergonomic}
   size_t MaxHeapSize                              = 1050673152                                {product} {ergonomic}
   size_t MaxNewSize                               = 630194176                                 {product} {ergonomic}
   size_t MinHeapDeltaBytes                        = 1048576                                   {product} {ergonomic}
   size_t MinHeapSize                              = 8388608                                   {product} {ergonomic}
    uintx NonNMethodCodeHeapSize                   = 5832780                                {pd product} {ergonomic}
    uintx NonProfiledCodeHeapSize                  = 122912730                              {pd product} {ergonomic}
    uintx ProfiledCodeHeapSize                     = 122912730                              {pd product} {ergonomic}
    uintx ReservedCodeCacheSize                    = 251658240                              {pd product} {ergonomic}
     bool SegmentedCodeCache                       = true                                      {product} {ergonomic}
   size_t SoftMaxHeapSize                          = 1050673152                             {manageable} {ergonomic}
     bool UseCompressedClassPointers               = true                                 {lp64_product} {ergonomic}
     bool UseCompressedOops                        = true                                 {lp64_product} {ergonomic}
     bool UseG1GC                                  = true                                      {product} {ergonomic}
     bool UseLargePagesIndividualAllocation        = false                                  {pd product} {ergonomic}

Logging:
Log output configuration:
 #0: stdout all=warning uptime,level,tags
 #1: stderr all=off uptime,level,tags

Environment Variables:
PATH=C:/Program Files/Java/jdk-13.0.2/bin/server;C:/Program Files/Java/jdk-13.0.2/bin;C:\Windows\system32;C:\Windows;C:\Windows\System32\Wbem;C:\Windows\System32\WindowsPowerShell\v1.0\;C:\Windows\System32\OpenSSH\;C:\Program Files\Java\jdk-13.0.2\bin;C:\Program Files\MySQL\MySQL Shell 8.0\bin\;C:\Users\Home-SM\AppData\Local\Microsoft\WindowsApps;;C:\Users\Home-SM\Desktop;
USERNAME=Home-SM
OS=Windows_NT
PROCESSOR_IDENTIFIER=Intel64 Family 6 Model 69 Stepping 1, GenuineIntel



---------------  S Y S T E M  ---------------

OS: Windows 10 , 64 bit Build 18362 (10.0.18362.329)

CPU:total 4 (initial active 4) (2 cores per cpu, 2 threads per core) family 6 model 69 stepping 1, cmov, cx8, fxsr, mmx, sse, sse2, sse3, ssse3, sse4.1, sse4.2, popcnt, avx, avx2, aes, clmul, erms, lzcnt, ht, tsc, tscinvbit, bmi1, bmi2, fma

Memory: 4k page, system-wide physical 4000M (564M free)
TotalPageFile size 8096M (AvailPageFile size 2786M)
current process WorkingSet (physical memory assigned to process): 105M, peak: 119M
current process commit charge ("private bytes"): 153M, peak: 169M

vm_info: Java HotSpot(TM) 64-Bit Server VM (13.0.2+8) for windows-amd64 JRE (13.0.2+8), built on Dec 11 2019 09:20:33 by "mach5one" with unknown MS VC++:1916

END.
